1637927316: mosquitto version 2.0.14 starting
1637927316: Config loaded from /mosquitto/config/mosquitto.conf.
1637927316: Starting in local only mode. Connections will only be possible from clients running on this machine.
1637927316: Create a configuration file which defines a listener to allow remote access.
1637927316: For more details see https://mosquitto.org/documentation/authentication-methods/
1637927316: Opening ipv4 listen socket on port 1883.
1637927316: Opening ipv6 listen socket on port 1883.
1637927316: Error: Address not available
1637927316: mosquitto version 2.0.14 running
1637927523: New connection from 127.0.0.1:48904 on port 1883.
1637927523: New client connected from 127.0.0.1:48904 as auto-766EBFE8-4F48-86C2-B8A6-58DB6133BD18 (p2, c1, k60).
1637927523: No will message specified.
1637927523: Sending CONNACK to auto-766EBFE8-4F48-86C2-B8A6-58DB6133BD18 (0, 0)
1637927523: Received SUBSCRIBE from auto-766EBFE8-4F48-86C2-B8A6-58DB6133BD18
1637927523: 	/# (QoS 0)
1637927523: auto-766EBFE8-4F48-86C2-B8A6-58DB6133BD18 0 /#
1637927523: Sending SUBACK to auto-766EBFE8-4F48-86C2-B8A6-58DB6133BD18
1637927545: New connection from 127.0.0.1:48910 on port 1883.
1637927545: New client connected from 127.0.0.1:48910 as auto-6CB8428F-4AE6-AAE3-0FB7-7958C3ED176A (p2, c1, k60).
1637927545: No will message specified.
1637927545: Sending CONNACK to auto-6CB8428F-4AE6-AAE3-0FB7-7958C3ED176A (0, 0)
1637927545: Received PUBLISH from auto-6CB8428F-4AE6-AAE3-0FB7-7958C3ED176A (d0, q0, r0, m0, 'test/1', ... (4 bytes))
1637927545: Received DISCONNECT from auto-6CB8428F-4AE6-AAE3-0FB7-7958C3ED176A
1637927545: Client auto-6CB8428F-4AE6-AAE3-0FB7-7958C3ED176A disconnected.
1637927564: New connection from 127.0.0.1:48912 on port 1883.
1637927564: New client connected from 127.0.0.1:48912 as auto-EC8B8380-A838-50D5-E206-D2D8184D8F85 (p2, c1, k60).
1637927564: No will message specified.
1637927564: Sending CONNACK to auto-EC8B8380-A838-50D5-E206-D2D8184D8F85 (0, 0)
1637927564: Received SUBSCRIBE from auto-EC8B8380-A838-50D5-E206-D2D8184D8F85
1637927564: 	test/# (QoS 0)
1637927564: auto-EC8B8380-A838-50D5-E206-D2D8184D8F85 0 test/#
1637927564: Sending SUBACK to auto-EC8B8380-A838-50D5-E206-D2D8184D8F85
1637927570: New connection from 127.0.0.1:48914 on port 1883.
1637927570: New client connected from 127.0.0.1:48914 as auto-A7B2E82C-AD83-BEFA-EC3D-2E619E0F4FA1 (p2, c1, k60).
1637927570: No will message specified.
1637927570: Sending CONNACK to auto-A7B2E82C-AD83-BEFA-EC3D-2E619E0F4FA1 (0, 0)
1637927570: Received PUBLISH from auto-A7B2E82C-AD83-BEFA-EC3D-2E619E0F4FA1 (d0, q0, r0, m0, 'test/hola', ... (4 bytes))
1637927570: Sending PUBLISH to auto-EC8B8380-A838-50D5-E206-D2D8184D8F85 (d0, q0, r0, m0, 'test/hola', ... (4 bytes))
1637927570: Received DISCONNECT from auto-A7B2E82C-AD83-BEFA-EC3D-2E619E0F4FA1
1637927570: Client auto-A7B2E82C-AD83-BEFA-EC3D-2E619E0F4FA1 disconnected.
1637927616: Client auto-766EBFE8-4F48-86C2-B8A6-58DB6133BD18 has exceeded timeout, disconnecting.
1637927658: Client auto-EC8B8380-A838-50D5-E206-D2D8184D8F85 has exceeded timeout, disconnecting.
1637929078: mosquitto version 2.0.14 terminating
1637929078: Saving in-memory database to /var/lib/mosquitto/mosquitto.db.
1637929078: Error saving in-memory database, unable to open /var/lib/mosquitto/mosquitto.db.new for writing.
1637929078: Error: No such file or directory.
1637929095: mosquitto version 2.0.14 starting
1637929095: Config loaded from /mosquitto/config/mosquitto.conf.
1637929095: Starting in local only mode. Connections will only be possible from clients running on this machine.
1637929095: Create a configuration file which defines a listener to allow remote access.
1637929095: For more details see https://mosquitto.org/documentation/authentication-methods/
1637929095: Opening ipv4 listen socket on port 1883.
1637929095: Opening ipv6 listen socket on port 1883.
1637929095: Error: Address not available
1637929095: mosquitto version 2.0.14 running
1637929790: mosquitto version 2.0.14 terminating
1637929790: Saving in-memory database to /var/lib/mosquitto/mosquitto.db.
1637929790: Error saving in-memory database, unable to open /var/lib/mosquitto/mosquitto.db.new for writing.
1637929790: Error: No such file or directory.
1637930311: mosquitto version 2.0.14 starting
1637930311: Config loaded from /mosquitto/config/mosquitto.conf.
1637930311: Starting in local only mode. Connections will only be possible from clients running on this machine.
1637930311: Create a configuration file which defines a listener to allow remote access.
1637930311: For more details see https://mosquitto.org/documentation/authentication-methods/
1637930311: Opening ipv4 listen socket on port 1883.
1637930311: Opening ipv6 listen socket on port 1883.
1637930311: Error: Address not available
1637930311: mosquitto version 2.0.14 running
1637932111: Saving in-memory database to /var/lib/mosquitto/mosquitto.db.
1637932111: Error saving in-memory database, unable to open /var/lib/mosquitto/mosquitto.db.new for writing.
1637932111: Error: No such file or directory.
1637933218: mosquitto version 2.0.14 terminating
1637933218: Saving in-memory database to /var/lib/mosquitto/mosquitto.db.
1637933218: Error saving in-memory database, unable to open /var/lib/mosquitto/mosquitto.db.new for writing.
1637933218: Error: No such file or directory.
1637933230: mosquitto version 2.0.14 starting
1637933230: Config loaded from /mosquitto/config/mosquitto.conf.
1637933230: Starting in local only mode. Connections will only be possible from clients running on this machine.
1637933230: Create a configuration file which defines a listener to allow remote access.
1637933230: For more details see https://mosquitto.org/documentation/authentication-methods/
1637933230: Opening ipv4 listen socket on port 1883.
1637933230: Opening ipv6 listen socket on port 1883.
1637933230: Error: Address not available
1637933230: mosquitto version 2.0.14 running
1637935030: Saving in-memory database to /var/lib/mosquitto/mosquitto.db.
1637935030: Error saving in-memory database, unable to open /var/lib/mosquitto/mosquitto.db.new for writing.
1637935030: Error: No such file or directory.
1637936831: Saving in-memory database to /var/lib/mosquitto/mosquitto.db.
1637936831: Error saving in-memory database, unable to open /var/lib/mosquitto/mosquitto.db.new for writing.
1637936831: Error: No such file or directory.
1637937333: mosquitto version 2.0.14 terminating
1637937333: Saving in-memory database to /var/lib/mosquitto/mosquitto.db.
1637937333: Error saving in-memory database, unable to open /var/lib/mosquitto/mosquitto.db.new for writing.
1637937333: Error: No such file or directory.
1637937348: mosquitto version 2.0.14 starting
1637937348: Config loaded from /mosquitto/config/mosquitto.conf.
1637937348: Starting in local only mode. Connections will only be possible from clients running on this machine.
1637937348: Create a configuration file which defines a listener to allow remote access.
1637937348: For more details see https://mosquitto.org/documentation/authentication-methods/
1637937348: Opening ipv4 listen socket on port 1883.
1637937348: Opening ipv6 listen socket on port 1883.
1637937348: Error: Address not available
1637937348: mosquitto version 2.0.14 running
1637937515: mosquitto version 2.0.14 terminating
1637937515: Saving in-memory database to /var/lib/mosquitto/mosquitto.db.
1637937515: Error saving in-memory database, unable to open /var/lib/mosquitto/mosquitto.db.new for writing.
1637937515: Error: No such file or directory.
1637937519: mosquitto version 2.0.14 starting
1637937519: Config loaded from /mosquitto/config/mosquitto.conf.
1637937519: Starting in local only mode. Connections will only be possible from clients running on this machine.
1637937519: Create a configuration file which defines a listener to allow remote access.
1637937519: For more details see https://mosquitto.org/documentation/authentication-methods/
1637937519: Opening ipv4 listen socket on port 1883.
1637937519: Opening ipv6 listen socket on port 1883.
1637937519: Error: Address not available
1637937519: mosquitto version 2.0.14 running
1637937528: mosquitto version 2.0.14 terminating
1637937528: Saving in-memory database to /mosquitto/data/mosquitto.db.
1637937532: mosquitto version 2.0.14 starting
1637937532: Config loaded from /mosquitto/config/mosquitto.conf.
1637937532: Starting in local only mode. Connections will only be possible from clients running on this machine.
1637937532: Create a configuration file which defines a listener to allow remote access.
1637937532: For more details see https://mosquitto.org/documentation/authentication-methods/
1637937532: Opening ipv4 listen socket on port 1883.
1637937532: Opening ipv6 listen socket on port 1883.
1637937532: Error: Address not available
1637937532: mosquitto version 2.0.14 running
1637937619: mosquitto version 2.0.14 terminating
1637937619: Saving in-memory database to /mosquitto/data/mosquitto.db.
1637937628: mosquitto version 2.0.14 starting
1637937628: Config loaded from /mosquitto/config/mosquitto.conf.
1637937628: Starting in local only mode. Connections will only be possible from clients running on this machine.
1637937628: Create a configuration file which defines a listener to allow remote access.
1637937628: For more details see https://mosquitto.org/documentation/authentication-methods/
1637937628: Opening ipv4 listen socket on port 1883.
1637937628: Opening ipv6 listen socket on port 1883.
1637937628: Error: Address not available
1637937628: mosquitto version 2.0.14 running
1637937697: mosquitto version 2.0.14 terminating
1637937697: Saving in-memory database to /mosquitto/data/mosquitto.db.
1637938324: mosquitto version 2.0.14 starting
1637938324: Config loaded from /mosquitto/config/mosquitto.conf.
1637938324: Opening ipv4 listen socket on port 1883.
1637938324: Opening ipv6 listen socket on port 1883.
1637938324: mosquitto version 2.0.14 running
1637938406: mosquitto version 2.0.14 terminating
1637938406: Saving in-memory database to /mosquitto/data/mosquitto.db.
1637938407: mosquitto version 2.0.14 starting
1637938407: Config loaded from /mosquitto/config/mosquitto.conf.
1637938407: Opening ipv4 listen socket on port 1883.
1637938407: Opening ipv6 listen socket on port 1883.
1637938407: mosquitto version 2.0.14 running
1637940207: Saving in-memory database to /mosquitto/data/mosquitto.db.
1637942008: Saving in-memory database to /mosquitto/data/mosquitto.db.
1637943809: Saving in-memory database to /mosquitto/data/mosquitto.db.
1637945610: Saving in-memory database to /mosquitto/data/mosquitto.db.
1637947411: Saving in-memory database to /mosquitto/data/mosquitto.db.
1637948830: mosquitto version 2.0.14 terminating
1637948830: Saving in-memory database to /mosquitto/data/mosquitto.db.
1637948883: mosquitto version 2.0.14 starting
1637948883: Config loaded from /mosquitto/config/mosquitto.conf.
1637948883: Opening ipv4 listen socket on port 1883.
1637948883: Opening ipv6 listen socket on port 1883.
1637948883: mosquitto version 2.0.14 running
1637948884: New connection from 172.28.0.3:48295 on port 1883.
1637948884: New client connected from 172.28.0.3:48295 as auto-DC009B4F-5EF1-E366-B16D-558CB3545250 (p2, c1, k60).
1637948884: No will message specified.
1637948884: Sending CONNACK to auto-DC009B4F-5EF1-E366-B16D-558CB3545250 (0, 0)
1637948884: Received PUBLISH from auto-DC009B4F-5EF1-E366-B16D-558CB3545250 (d0, q0, r0, m0, 'ALSW/temp', ... (2 bytes))
1637948884: Client auto-DC009B4F-5EF1-E366-B16D-558CB3545250 closed its connection.
1637949021: mosquitto version 2.0.14 terminating
1637949021: Saving in-memory database to /mosquitto/data/mosquitto.db.
1637949130: mosquitto version 2.0.14 starting
1637949130: Config loaded from /mosquitto/config/mosquitto.conf.
1637949130: Opening ipv4 listen socket on port 1883.
1637949130: Opening ipv6 listen socket on port 1883.
1637949130: mosquitto version 2.0.14 running
1637949201: mosquitto version 2.0.14 terminating
1637949201: Saving in-memory database to /mosquitto/data/mosquitto.db.
1638007113: mosquitto version 2.0.14 starting
1638007113: Config loaded from /mosquitto/config/mosquitto.conf.
1638007113: Opening ipv4 listen socket on port 1883.
1638007113: Opening ipv6 listen socket on port 1883.
1638007113: mosquitto version 2.0.14 running
1638008914: Saving in-memory database to /mosquitto/data/mosquitto.db.
1638010715: Saving in-memory database to /mosquitto/data/mosquitto.db.
1638011974: mosquitto version 2.0.14 terminating
1638011974: Saving in-memory database to /mosquitto/data/mosquitto.db.
1638033788: mosquitto version 2.0.14 starting
1638033788: Config loaded from /mosquitto/config/mosquitto.conf.
1638033788: Opening ipv4 listen socket on port 1883.
1638033788: Opening ipv6 listen socket on port 1883.
1638033788: mosquitto version 2.0.14 running
1638033862: New connection from 172.28.0.3:32781 on port 1883.
1638033862: New client connected from 172.28.0.3:32781 as auto-A6E864CC-3375-0D8C-D14C-F74170DDBDBD (p2, c1, k60).
1638033862: No will message specified.
1638033862: Sending CONNACK to auto-A6E864CC-3375-0D8C-D14C-F74170DDBDBD (0, 0)
1638033862: Received PUBLISH from auto-A6E864CC-3375-0D8C-D14C-F74170DDBDBD (d0, q0, r0, m0, 'ALSW/temp', ... (2 bytes))
1638033862: Client auto-A6E864CC-3375-0D8C-D14C-F74170DDBDBD closed its connection.
1638033989: mosquitto version 2.0.14 terminating
1638033989: Saving in-memory database to /mosquitto/data/mosquitto.db.
1638034541: mosquitto version 2.0.14 starting
1638034541: Config loaded from /mosquitto/config/mosquitto.conf.
1638034541: Opening ipv4 listen socket on port 1883.
1638034541: Opening ipv6 listen socket on port 1883.
1638034541: mosquitto version 2.0.14 running
1638034542: New connection from 172.18.0.3:44847 on port 1883.
1638034542: New client connected from 172.18.0.3:44847 as auto-FCE2F623-D5B9-ACD1-2BCF-1B6ADD0344E0 (p2, c1, k60).
1638034542: No will message specified.
1638034542: Sending CONNACK to auto-FCE2F623-D5B9-ACD1-2BCF-1B6ADD0344E0 (0, 0)
1638034542: Received PUBLISH from auto-FCE2F623-D5B9-ACD1-2BCF-1B6ADD0344E0 (d0, q0, r0, m0, 'ALSW/temp', ... (2 bytes))
1638034542: Client auto-FCE2F623-D5B9-ACD1-2BCF-1B6ADD0344E0 closed its connection.
1638034732: mosquitto version 2.0.14 terminating
1638034732: Saving in-memory database to /mosquitto/data/mosquitto.db.
1638034811: mosquitto version 2.0.14 starting
1638034811: Config loaded from /mosquitto/config/mosquitto.conf.
1638034811: Opening ipv4 listen socket on port 1883.
1638034811: Opening ipv6 listen socket on port 1883.
1638034811: mosquitto version 2.0.14 running
1638034812: New connection from 172.19.0.3:50169 on port 1883.
1638034812: New client connected from 172.19.0.3:50169 as auto-66FFF500-A9DA-99FB-DFE5-C0EBFD69846F (p2, c1, k60).
1638034812: No will message specified.
1638034812: Sending CONNACK to auto-66FFF500-A9DA-99FB-DFE5-C0EBFD69846F (0, 0)
1638034812: Received PUBLISH from auto-66FFF500-A9DA-99FB-DFE5-C0EBFD69846F (d0, q0, r0, m0, 'ALSW/temp', ... (2 bytes))
1638034812: Client auto-66FFF500-A9DA-99FB-DFE5-C0EBFD69846F closed its connection.
